2025-06-06 19:11:41,274 - script_manager - INFO - [SCRIPT_MANAGER] Script Manager initialized
2025-06-06 19:11:41,274 - script_manager - INFO - [STARTUP] Starting all processes...
2025-06-06 19:11:41,281 - script_manager - INFO - [STARTUP] Started 6 processes
2025-06-06 19:11:41,281 - script_manager - INFO - [START] Starting Trade Sync (every 30.0s)
2025-06-06 19:11:41,800 - process_modules.trade_sync - ERROR - Error syncing account 3: column "current_price_updated_at" does not exist
LINE 6:         AND (current_price IS NULL OR current_price_updated_...
                                              ^

2025-06-06 19:11:41,801 - script_manager - INFO - [START] Starting Level Monitor (every 2.0s)
2025-06-06 19:11:41,838 - script_manager - INFO - [START] Starting Price Update (every 10.0s)
2025-06-06 19:11:41,868 - script_manager - INFO - [START] Starting Notification Check (every 5.0s)
2025-06-06 19:11:41,897 - script_manager - INFO - [START] Starting Position Sync (every 60.0s)
2025-06-06 19:11:43,043 - script_manager - INFO - [START] Starting Dashboard Sync (every 30.0s)
2025-06-06 19:11:43,074 - script_manager - INFO - [SHUTDOWN] Shutting down Script Manager...
2025-06-06 19:11:43,074 - script_manager - INFO - Stopping trade_sync...
2025-06-06 19:11:43,074 - script_manager - INFO - Stopping level_monitor...
2025-06-06 19:11:43,074 - script_manager - INFO - Stopping price_update...
2025-06-06 19:11:43,074 - script_manager - INFO - Stopping notification_check...
2025-06-06 19:11:43,075 - script_manager - INFO - Stopping position_sync...
2025-06-06 19:11:43,075 - script_manager - INFO - Stopping dashboard_sync...
2025-06-06 19:11:43,075 - script_manager - INFO - [SHUTDOWN] Script Manager shutdown complete
